source code/knocomy/app/build/intermediates/manifest_merge_blame_file/release/manifest-merger-blame-release-report.txt
1<?xml version="1.0" encoding="utf-8"?>
2<manifest xmlns:android="http://schemas.android.com/apk/res/android"
3    package="com.example.bilgiyarismasi"
4    android:versionCode="1"
5    android:versionName="1.0" >
6
7    <uses-sdk
8        android:minSdkVersion="16"
8-->src\main\AndroidManifest.xml
9        android:targetSdkVersion="30" />
9-->src\main\AndroidManifest.xml
10
11    <application
11-->src\main\AndroidManifest.xml:5:5-34:19
12        android:allowBackup="true"
12-->src\main\AndroidManifest.xml:6:9-35
13        android:appComponentFactory="androidx.core.app.CoreComponentFactory"
13-->[androidx.core:core:1.3.1] AndroidManifest.xml:24:18-86
14        android:icon="@mipmap/ic_launcher"
14-->src\main\AndroidManifest.xml:7:9-43
15        android:label="@string/app_name"
15-->src\main\AndroidManifest.xml:8:9-41
16        android:roundIcon="@mipmap/ic_launcher_round"
16-->src\main\AndroidManifest.xml:9:9-54
17        android:supportsRtl="true"
17-->src\main\AndroidManifest.xml:10:9-35
18        android:theme="@style/Theme.BilgiYarismasi" >
18-->src\main\AndroidManifest.xml:11:9-52
19        <activity
19-->src\main\AndroidManifest.xml:12:9-13:65
20            android:name="com.example.bilgiyarismasi.Highscores_Table"
20-->src\main\AndroidManifest.xml:12:19-51
21            android:theme="@style/Theme.AppCompat.NoActionBar" />
21-->src\main\AndroidManifest.xml:13:13-63
22        <activity
22-->src\main\AndroidManifest.xml:14:9-15:65
23            android:name="com.example.bilgiyarismasi.LoginMenu"
23-->src\main\AndroidManifest.xml:14:19-44
24            android:theme="@style/Theme.AppCompat.NoActionBar" />
24-->src\main\AndroidManifest.xml:15:13-63
25        <activity
25-->src\main\AndroidManifest.xml:16:9-18:66
26            android:name="com.example.bilgiyarismasi.Question_Page"
26-->src\main\AndroidManifest.xml:17:13-42
27            android:theme="@style/Theme.AppCompat.NoActionBar" />
27-->src\main\AndroidManifest.xml:18:13-63
28        <activity
28-->src\main\AndroidManifest.xml:19:9-21:66
29            android:name="com.example.bilgiyarismasi.Konu_Bolumu"
29-->src\main\AndroidManifest.xml:20:13-40
30            android:theme="@style/Theme.AppCompat.NoActionBar" />
30-->src\main\AndroidManifest.xml:21:13-63
31        <activity
31-->src\main\AndroidManifest.xml:22:9-24:66
32            android:name="com.example.bilgiyarismasi.register"
32-->src\main\AndroidManifest.xml:23:13-37
33            android:theme="@style/Theme.AppCompat.NoActionBar" />
33-->src\main\AndroidManifest.xml:24:13-63
34        <activity
34-->src\main\AndroidManifest.xml:25:9-33:20
35            android:name="com.example.bilgiyarismasi.MainActivity"
35-->src\main\AndroidManifest.xml:26:13-41
36            android:theme="@style/Theme.AppCompat.NoActionBar" >
36-->src\main\AndroidManifest.xml:27:13-63
37            <intent-filter>
37-->src\main\AndroidManifest.xml:28:13-32:29
38                <action android:name="android.intent.action.MAIN" />
38-->src\main\AndroidManifest.xml:29:17-69
38-->src\main\AndroidManifest.xml:29:25-66
39
40                <category android:name="android.intent.category.LAUNCHER" />
40-->src\main\AndroidManifest.xml:31:17-77
40-->src\main\AndroidManifest.xml:31:27-74
41            </intent-filter>
42        </activity>
43    </application>
44
45</manifest>